---------------------------------------
Resource Usage Report for MAIN 

Mapping to part: ice40up5ksg48
Cell usage:
GND             14 uses
SB_CARRY        624 uses
SB_DFF          14 uses
SB_DFFE         36 uses
SB_DFFER        364 uses
SB_DFFESR       12 uses
SB_DFFR         138 uses
SB_DFFS         9 uses
SB_DFFSR        39 uses
SB_DFFSS        4 uses
SB_GB           4 uses
SB_HFOSC        1 use
SB_PLL40_CORE   1 use
SB_RGBA_DRV     1 use
VCC             14 uses
SB_MAC16            2 uses
  MULTONLY  2 uses
SB_LUT4         1175 uses

I/O ports: 16
I/O primitives: 13
SB_GB_IO       1 use
SB_IO          12 uses

I/O Register bits:                  0
Register bits not including I/Os:   616 (11%)

@S |Mapping Summary:
Total  LUTs: 1175 (22%)

Distribution of All Consumed LUTs = LUT4 
Distribution of All Consumed Luts 1175 = 1175 

