* ******************************************************************************

* iCEcube Report

* Version:            2020.12.27943

* Build Date:         Dec  9 2020 17:31:51

* File Generated:     Jul 24 2025 23:36:30

* Purpose:            General info of design implementation

* Copyright (C) 2006-2010 by Lattice Semiconductor Corp. All rights reserved.

* ******************************************************************************

Synthesis/Placement Summary:
----------------------------
    Status:  Successful
    Runtime: 1 seconds

Device Info:
------------
    Device Family: iCE40UP
    Device:        iCE40UP5K
    Package:       SG48

Design statistics:
------------------
    FFs:                  691
    LUTs:                 1341
    RAMs:                 0
    IOBs:                 13
    GBs:                  4
    PLLs:                 1
    Warm Boots:           0
    SPIs:                 0
    I2Cs:                 0
    HFOSCs:               1
    LFOSCs:               0
    RGBA_DRVs:            1
    LEDDA_IPs:            0
    DSPs:                 2
    SPRAMs:               0
    FILTER_50NSs:         0

Logic Resource Utilization:
---------------------------
    Total Logic Cells: 1395/5280
        Combinational Logic Cells: 704      out of   5280      13.3333%
        Sequential Logic Cells:    691      out of   5280      13.0871%
        Logic Tiles:               263      out of   660       39.8485%
    Registers: 
        Logic Registers:           691      out of   5280      13.0871%
        IO Registers:              0        out of   480       0
    Block RAMs:                    0        out of   30        0%
    Warm Boots:                    0        out of   1         0%
    SPIs:                          0        out of   2         0%
    I2Cs:                          0        out of   2         0%
    HFOSCs:                        1        out of   1         100%
    LFOSCs:                        0        out of   1         0%
    RGBA_DRVs:                     1        out of   1         100%
    LEDDA_IPs:                     0        out of   1         0%
    DSPs:                          2        out of   8         25%
    SPRAMs:                        0        out of   4         0%
    FILTER_50NSs:                  0        out of   2         0%
    Pins:
        Input Pins:                8        out of   39        20.5128%
        Output Pins:               5        out of   39        12.8205%
        InOut Pins:                0        out of   39        0%
    Global Buffers:                4        out of   8         50%
    PLLs:                          1        out of   1         100%

IO Bank Utilization:
--------------------
    Bank 3: 0        out of   0         0%
    Bank 1: 0        out of   0         0%
    Bank 0: 4        out of   17        23.5294%
    Bank 2: 9        out of   22        40.9091%

Detailed I/O Info:
------------------
    Input Pins: 
    Pin Number  Direction  IO Standard  Pull Up  IO Bank  IO Function    Signal Name     
    ----------  ---------  -----------  -------  -------  -----------    -----------     
    2           Input      SB_LVCMOS    No       2        Simple Input   il_max_comp1    
    3           Input      SB_LVCMOS    No       2        Simple Input   il_min_comp1    
    9           Input      SB_LVCMOS    No       2        Simple Input   delay_tr_input  
    11          Input      SB_LVCMOS    No       2        Simple Input   delay_hc_input  
    20          Input      SB_LVCMOS    No       2        Simple Input   reset           
    21          Input      SB_LVCMOS    No       2        Simple Input   start_stop      
    46          Input      SB_LVCMOS    No       2        Simple Input   il_max_comp2    
    48          Input      SB_LVCMOS    No       2        Simple Input   il_min_comp2    

    Output Pins: 
    Pin Number  Direction  IO Standard  Pull Up  IO Bank  IO Function    Signal Name     
    ----------  ---------  -----------  -------  -------  -----------    -----------     
    18          Output     SB_LVCMOS    No       2        Simple Output  pwm_output      
    31          Output     SB_LVCMOS    No       0        Simple Output  s1_phy          
    34          Output     SB_LVCMOS    No       0        Simple Output  s2_phy          
    36          Output     SB_LVCMOS    No       0        Simple Output  s3_phy          
    38          Output     SB_LVCMOS    No       0        Simple Output  s4_phy          

Detailed Global Buffer Info:
----------------------------
    Buffer Number  IO Bank  Driven By  Fanout  Signal Name                                      
    -------------  -------  ---------  ------  -----------                                      
    0              2        IO         636     red_c_g                                          
    5              2                   31      delay_measurement_inst.delay_hc_timer.N_335_i_g  
    3              0                   32      current_shift_inst.timer_s1.N_187_i_g            
    1              0                   31      current_shift_inst.timer_phase.N_188_i_g         


Router Summary:
---------------
    Status:  Successful
    Runtime: 9 seconds

Routing Resource Utilization:
-----------------------------
              Local line of tile     9869 out of 110555      8.92678%
                          Span 4     1823 out of  23008      7.92333%
                         Span 12      196 out of   4464      4.39068%
                  Global network        6 out of      8      75%
      Vertical Inter-LUT Connect       58 out of   4620      1.25541%

