* ******************************************************************************

* iCEcube Report

* Version:            2020.12.27943

* Build Date:         Dec  9 2020 17:31:51

* File Generated:     Oct 16 2025 00:42:29

* Purpose:            General info of design implementation

* Copyright (C) 2006-2010 by Lattice Semiconductor Corp. All rights reserved.

* ******************************************************************************

Synthesis/Placement Summary:
----------------------------
    Status:  Successful
    Runtime: 0 seconds

Device Info:
------------
    Device Family: iCE40UP
    Device:        iCE40UP5K
    Package:       SG48

Design statistics:
------------------
    FFs:                  365
    LUTs:                 629
    RAMs:                 0
    IOBs:                 13
    GBs:                  4
    PLLs:                 1
    Warm Boots:           0
    SPIs:                 0
    I2Cs:                 0
    HFOSCs:               1
    LFOSCs:               0
    RGBA_DRVs:            1
    LEDDA_IPs:            0
    DSPs:                 0
    SPRAMs:               0
    FILTER_50NSs:         0

Logic Resource Utilization:
---------------------------
    Total Logic Cells: 633/5280
        Combinational Logic Cells: 268      out of   5280      5.07576%
        Sequential Logic Cells:    365      out of   5280      6.91288%
        Logic Tiles:               128      out of   660       19.3939%
    Registers: 
        Logic Registers:           365      out of   5280      6.91288%
        IO Registers:              0        out of   480       0
    Block RAMs:                    0        out of   30        0%
    Warm Boots:                    0        out of   1         0%
    SPIs:                          0        out of   2         0%
    I2Cs:                          0        out of   2         0%
    HFOSCs:                        1        out of   1         100%
    LFOSCs:                        0        out of   1         0%
    RGBA_DRVs:                     1        out of   1         100%
    LEDDA_IPs:                     0        out of   1         0%
    DSPs:                          0        out of   8         0%
    SPRAMs:                        0        out of   4         0%
    FILTER_50NSs:                  0        out of   2         0%
    Pins:
        Input Pins:                8        out of   39        20.5128%
        Output Pins:               5        out of   39        12.8205%
        InOut Pins:                0        out of   39        0%
    Global Buffers:                4        out of   8         50%
    PLLs:                          1        out of   1         100%

IO Bank Utilization:
--------------------
    Bank 3: 0        out of   0         0%
    Bank 1: 0        out of   0         0%
    Bank 0: 4        out of   17        23.5294%
    Bank 2: 9        out of   22        40.9091%

Detailed I/O Info:
------------------
    Input Pins: 
    Pin Number  Direction  IO Standard  Pull Up  IO Bank  IO Function    Signal Name     
    ----------  ---------  -----------  -------  -------  -----------    -----------     
    2           Input      SB_LVCMOS    No       2        Simple Input   il_max_comp1    
    3           Input      SB_LVCMOS    No       2        Simple Input   il_min_comp1    
    9           Input      SB_LVCMOS    No       2        Simple Input   delay_tr_input  
    11          Input      SB_LVCMOS    No       2        Simple Input   delay_hc_input  
    20          Input      SB_LVCMOS    No       2        Simple Input   reset           
    21          Input      SB_LVCMOS    No       2        Simple Input   start_stop      
    46          Input      SB_LVCMOS    No       2        Simple Input   il_max_comp2    
    48          Input      SB_LVCMOS    No       2        Simple Input   il_min_comp2    

    Output Pins: 
    Pin Number  Direction  IO Standard  Pull Up  IO Bank  IO Function    Signal Name     
    ----------  ---------  -----------  -------  -------  -----------    -----------     
    18          Output     SB_LVCMOS    No       2        Simple Output  pwm_output      
    31          Output     SB_LVCMOS    No       0        Simple Output  s1_phy          
    34          Output     SB_LVCMOS    No       0        Simple Output  s2_phy          
    36          Output     SB_LVCMOS    No       0        Simple Output  s3_phy          
    38          Output     SB_LVCMOS    No       0        Simple Output  s4_phy          

Detailed Global Buffer Info:
----------------------------
    Buffer Number  IO Bank  Driven By  Fanout  Signal Name                                      
    -------------  -------  ---------  ------  -----------                                      
    0              2        IO         349     red_c_g                                          
    3              0                   31      delay_measurement_inst.delay_tr_timer.N_255_i_g  
    1              0                   31      delay_measurement_inst.delay_hc_timer.N_253_i_g  
    5              2                   30      delay_measurement_inst.delay_tr_timer.N_256_i_g  
